<?xml version="1.0" encoding="UTF-8"?>
<!-- Generated by org.testng.reporters.JUnitReportReporter -->
<testsuite hostname="Phuongs-MacBook-Pro.local" failures="0" tests="5" name="testsuite.LoginTest" time="77.222" errors="0" timestamp="2024-03-03T18:27:06 AEDT" skipped="0">
  <testcase classname="testsuite.LoginTest" name="loginFailIncorrectBoth" time="13.160"/>
  <system-out/>
  <testcase classname="testsuite.LoginTest" name="loginFailIncorrectEmail" time="9.234"/>
  <system-out/>
  <testcase classname="testsuite.LoginTest" name="loginSucessfully" time="17.043"/>
  <system-out/>
  <testcase classname="testsuite.LoginTest" name="loginFailIncorrectPass" time="18.305"/>
  <system-out/>
  <testcase classname="testsuite.LoginTest" name="logout" time="19.480"/>
  <system-out/>
</testsuite> <!-- testsuite.LoginTest -->
