<?xml version="1.0" encoding="UTF-8"?>
<!-- Generated by org.testng.reporters.JUnitReportReporter -->
<testsuite hostname="Phuongs-MacBook-Pro.local" failures="0" tests="1" name="test.Day11_xpath_axes" time="14.795" errors="0" timestamp="2024-03-03T17:43:56 AEDT" skipped="0">
  <testcase classname="test.Day11_xpath_axes" name="f" time="14.795"/>
  <system-out/>
</testsuite> <!-- test.Day11_xpath_axes -->
