<?xml version="1.0" encoding="UTF-8"?>
<!-- Generated by org.testng.reporters.JUnitReportReporter -->
<testsuite hostname="Phuongs-MacBook-Pro.local" failures="0" tests="1" name="test.Day13" time="4.823" errors="0" timestamp="2024-03-03T17:44:18 AEDT" skipped="0">
  <testcase classname="test.Day13" name="clickSingleCheckbox" time="4.823"/>
  <system-out/>
</testsuite> <!-- test.Day13 -->
