<?xml version="1.0" encoding="UTF-8"?>
<!-- Generated by org.testng.reporters.JUnitReportReporter -->
<testsuite hostname="Phuongs-MacBook-Pro.local" failures="0" tests="1" name="btvn.Buoi12" time="6.132" errors="0" timestamp="2024-02-29T21:01:27 AEDT" skipped="0">
  <testcase classname="btvn.Buoi12" name="testState" time="6.132"/>
  <system-out/>
</testsuite> <!-- btvn.Buoi12 -->
